0 silly input [ 'dev' ]
1 silly flags { _: [ 'run' ],
1 silly flags   'reject-cycles': false,
1 silly flags   rejectCycles: false,
1 silly flags   script: 'dev',
1 silly flags   args: [] }
2 verbose rootPath /Users/drathal/code/similartaste
3 info version 2.11.0
4 silly existsSync /Users/drathal/code/similartaste/VERSION
5 silly initialize attempt
6 silly initialize success
7 silly execute attempt
8 silly runScriptInDir dev [] client
9 silly getExecOpts { cwd: '/Users/drathal/code/similartaste/packages/client' }
10 silly runScriptInDir dev [] server
11 silly getExecOpts { cwd: '/Users/drathal/code/similartaste/packages/server' }
12 error dev Errored while running script in 'similartaste-server'
13 error execute callback with error
14 error Error: Command failed: yarn run dev
14 error /Users/drathal/code/similartaste/packages/server/dist/index.js:1
14 error (function (exports, require, module, __filename, __dirname) { import express from 'express';
14 error                                                               ^^^^^^
14 error
14 error SyntaxError: Unexpected token import
14 error     at createScript (vm.js:80:10)
14 error     at Object.runInThisContext (vm.js:139:10)
14 error     at Module._compile (module.js:616:28)
14 error     at Object.Module._extensions..js (module.js:663:10)
14 error     at Module.load (module.js:565:32)
14 error     at tryModuleLoad (module.js:505:12)
14 error     at Function.Module._load (module.js:497:3)
14 error     at Function.Module.runMain (module.js:693:10)
14 error     at startup (bootstrap_node.js:191:16)
14 error     at bootstrap_node.js:612:3
14 error error Command failed with exit code 1.
14 error yarn run v1.12.3
14 error $ node dist/
14 error info Visit https://yarnpkg.com/en/docs/cli/run for documentation about this command.
14 error
14 error     at Promise.all.then.arr (/Users/drathal/code/similartaste/node_modules/lerna/node_modules/execa/index.js:236:11)
14 error     at <anonymous>
